<?xml version="1.0" encoding="UTF-8"?>
<!-- Generated by org.testng.reporters.JUnitXMLReporter -->
<testsuite ignored="0" hostname="LAPTOP-0TPP3JPD" failures="0" tests="3" name="Test" time="28.742" errors="0" timestamp="2021-12-19T23:25:30 GMT">
  <testcase classname="FrameWork_TestCase.Test_EVOCOUK_GOVUK_PageObject" name="EVOCOUK_PO_PF_TestPage_ValidateTitle" time="0.04"/>
  <testcase classname="FrameWork_TestCase.Test_EVOCOUK_GOVUK_PageObject" name="EVOCOUK_PO_PF_InputandSubmitDetails" time="5.854"/>
  <testcase classname="FrameWork_TestCase.Test_EVOCOUK_GOVUK_PageObject" name="CRUK_PO_PF_Donation_Someoneelsemoney" time="5.973"/>
</testsuite> <!-- Test -->
