<?xml version="1.0" encoding="UTF-8"?>
<!-- Generated by org.testng.reporters.JUnitXMLReporter -->
<testsuite ignored="1" hostname="LAPTOP-0TPP3JPD" failures="0" tests="2" name="Default test" time="17.749" errors="0" timestamp="2021-12-19T21:52:27 GMT">
  <testcase classname="FrameWork_TestCase.Test_EVOCOUKDonation_PageObject" name="EVOCOUK_PO_PF_TestPage_ValidateTitle" time="0.032"/>
  <testcase classname="FrameWork_TestCase.Test_EVOCOUKDonation_PageObject" name="EVOCOUK_PO_PF_InputandSubmitDetails" time="6.486"/>
  <testcase classname="FrameWork_TestCase.Test_EVOCOUKDonation_PageObject" name="CRUK_PO_PF_Donation_Someoneelsemoney" time="0.0">
    <ignored/>
  </testcase> <!-- CRUK_PO_PF_Donation_Someoneelsemoney -->
</testsuite> <!-- Default test -->
