<?xml version="1.0" encoding="UTF-8"?>
<testng-results ignored="0" total="3" passed="3" failed="0" skipped="0">
  <reporter-output>
  </reporter-output>
  <suite started-at="2021-12-19T23:25:01 GMT" name="Suite" finished-at="2021-12-19T23:25:30 GMT" duration-ms="28742">
    <groups>
    </groups>
    <test started-at="2021-12-19T23:25:01 GMT" name="Test" finished-at="2021-12-19T23:25:30 GMT" duration-ms="28742">
      <class name="FrameWork_TestCase.Test_EVOCOUK_GOVUK_PageObject">
        <test-method is-config="true" signature="setup()[pri:0, instance:FrameWork_TestCase.Test_EVOCOUK_GOVUK_PageObject@644baf4a]" started-at="2021-12-19T23:25:01 GMT" name="setup" finished-at="2021-12-19T23:25:04 GMT" duration-ms="2659" status="PASS">
          <reporter-output>
          </reporter-output>
        </test-method> <!-- setup -->
        <test-method signature="EVOCOUK_PO_PF_TestPage_ValidateTitle(java.lang.String)[pri:0, instance:FrameWork_TestCase.Test_EVOCOUK_GOVUK_PageObject@644baf4a]" started-at="2021-12-19T23:25:04 GMT" name="EVOCOUK_PO_PF_TestPage_ValidateTitle" description="TC_001 - Verification of Test page title" finished-at="2021-12-19T23:25:04 GMT" duration-ms="40" status="PASS">
          <params>
            <param index="0">
              <value>
                <![CDATA[TC001]]>
              </value>
            </param>
          </params>
          <reporter-output>
          </reporter-output>
        </test-method> <!-- EVOCOUK_PO_PF_TestPage_ValidateTitle -->
        <test-method is-config="true" signature="close()[pri:0, instance:FrameWork_TestCase.Test_EVOCOUK_GOVUK_PageObject@644baf4a]" started-at="2021-12-19T23:25:04 GMT" name="close" finished-at="2021-12-19T23:25:07 GMT" duration-ms="3292" status="PASS">
          <reporter-output>
          </reporter-output>
        </test-method> <!-- close -->
        <test-method is-config="true" signature="setup()[pri:0, instance:FrameWork_TestCase.Test_EVOCOUK_GOVUK_PageObject@644baf4a]" started-at="2021-12-19T23:25:07 GMT" name="setup" finished-at="2021-12-19T23:25:09 GMT" duration-ms="2082" status="PASS">
          <reporter-output>
          </reporter-output>
        </test-method> <!-- setup -->
        <test-method signature="EVOCOUK_PO_PF_InputandSubmitDetails(java.lang.String,java.lang.String,java.lang.String)[pri:1, instance:FrameWork_TestCase.Test_EVOCOUK_GOVUK_PageObject@644baf4a]" started-at="2021-12-19T23:25:09 GMT" name="EVOCOUK_PO_PF_InputandSubmitDetails" description="TC_002 Verification of Contact details input is accepted as expected" finished-at="2021-12-19T23:25:15 GMT" duration-ms="5854" status="PASS">
          <params>
            <param index="0">
              <value>
                <![CDATA[TC002]]>
              </value>
            </param>
            <param index="1">
              <value>
                <![CDATA[Purnima]]>
              </value>
            </param>
            <param index="2">
              <value>
                <![CDATA[Thiruvengadam]]>
              </value>
            </param>
          </params>
          <reporter-output>
          </reporter-output>
        </test-method> <!-- EVOCOUK_PO_PF_InputandSubmitDetails -->
        <test-method is-config="true" signature="close()[pri:0, instance:FrameWork_TestCase.Test_EVOCOUK_GOVUK_PageObject@644baf4a]" started-at="2021-12-19T23:25:15 GMT" name="close" finished-at="2021-12-19T23:25:18 GMT" duration-ms="3531" status="PASS">
          <reporter-output>
          </reporter-output>
        </test-method> <!-- close -->
        <test-method is-config="true" signature="setup()[pri:0, instance:FrameWork_TestCase.Test_EVOCOUK_GOVUK_PageObject@644baf4a]" started-at="2021-12-19T23:25:18 GMT" name="setup" finished-at="2021-12-19T23:25:20 GMT" duration-ms="2039" status="PASS">
          <reporter-output>
          </reporter-output>
        </test-method> <!-- setup -->
        <test-method signature="CRUK_PO_PF_Donation_Someoneelsemoney(java.lang.String,java.lang.String,java.lang.String)[pri:2, instance:FrameWork_TestCase.Test_EVOCOUK_GOVUK_PageObject@644baf4a]" started-at="2021-12-19T23:25:20 GMT" name="CRUK_PO_PF_Donation_Someoneelsemoney" description="TC_003 Verification of options selected are accepted as input" finished-at="2021-12-19T23:25:26 GMT" duration-ms="5973" status="PASS">
          <params>
            <param index="0">
              <value>
                <![CDATA[TC003]]>
              </value>
            </param>
            <param index="1">
              <value>
                <![CDATA[Nicole]]>
              </value>
            </param>
            <param index="2">
              <value>
                <![CDATA[Kidman]]>
              </value>
            </param>
          </params>
          <reporter-output>
          </reporter-output>
        </test-method> <!-- CRUK_PO_PF_Donation_Someoneelsemoney -->
        <test-method is-config="true" signature="close()[pri:0, instance:FrameWork_TestCase.Test_EVOCOUK_GOVUK_PageObject@644baf4a]" started-at="2021-12-19T23:25:26 GMT" name="close" finished-at="2021-12-19T23:25:30 GMT" duration-ms="3219" status="PASS">
          <reporter-output>
          </reporter-output>
        </test-method> <!-- close -->
      </class> <!-- FrameWork_TestCase.Test_EVOCOUK_GOVUK_PageObject -->
    </test> <!-- Test -->
  </suite> <!-- Suite -->
</testng-results>
