<?xml version="1.0" encoding="UTF-8"?>
<testng-results ignored="1" total="3" passed="2" failed="0" skipped="0">
  <reporter-output>
  </reporter-output>
  <suite started-at="2021-12-19T21:52:09 GMT" name="Default suite" finished-at="2021-12-19T21:52:27 GMT" duration-ms="17749">
    <groups>
    </groups>
    <test started-at="2021-12-19T21:52:09 GMT" name="Default test" finished-at="2021-12-19T21:52:27 GMT" duration-ms="17749">
      <class name="FrameWork_TestCase.Test_EVOCOUKDonation_PageObject">
        <test-method is-config="true" signature="setup()[pri:0, instance:FrameWork_TestCase.Test_EVOCOUKDonation_PageObject@740cae06]" started-at="2021-12-19T21:52:09 GMT" name="setup" finished-at="2021-12-19T21:52:12 GMT" duration-ms="2641" status="PASS">
          <reporter-output>
          </reporter-output>
        </test-method> <!-- setup -->
        <test-method signature="EVOCOUK_PO_PF_TestPage_ValidateTitle()[pri:0, instance:FrameWork_TestCase.Test_EVOCOUKDonation_PageObject@740cae06]" started-at="2021-12-19T21:52:12 GMT" name="EVOCOUK_PO_PF_TestPage_ValidateTitle" description="TC_001 - Verification of Test page title" finished-at="2021-12-19T21:52:12 GMT" duration-ms="32" status="PASS">
          <reporter-output>
          </reporter-output>
        </test-method> <!-- EVOCOUK_PO_PF_TestPage_ValidateTitle -->
        <test-method is-config="true" signature="close()[pri:0, instance:FrameWork_TestCase.Test_EVOCOUKDonation_PageObject@740cae06]" started-at="2021-12-19T21:52:12 GMT" name="close" finished-at="2021-12-19T21:52:15 GMT" duration-ms="3187" status="PASS">
          <reporter-output>
          </reporter-output>
        </test-method> <!-- close -->
        <test-method is-config="true" signature="setup()[pri:0, instance:FrameWork_TestCase.Test_EVOCOUKDonation_PageObject@740cae06]" started-at="2021-12-19T21:52:15 GMT" name="setup" finished-at="2021-12-19T21:52:17 GMT" duration-ms="2130" status="PASS">
          <reporter-output>
          </reporter-output>
        </test-method> <!-- setup -->
        <test-method signature="EVOCOUK_PO_PF_InputandSubmitDetails()[pri:1, instance:FrameWork_TestCase.Test_EVOCOUKDonation_PageObject@740cae06]" started-at="2021-12-19T21:52:17 GMT" name="EVOCOUK_PO_PF_InputandSubmitDetails" description="TC_002 Verification of donation made with own money in memory of someone for £12" finished-at="2021-12-19T21:52:24 GMT" duration-ms="6486" status="PASS">
          <reporter-output>
          </reporter-output>
        </test-method> <!-- EVOCOUK_PO_PF_InputandSubmitDetails -->
        <test-method is-config="true" signature="close()[pri:0, instance:FrameWork_TestCase.Test_EVOCOUKDonation_PageObject@740cae06]" started-at="2021-12-19T21:52:24 GMT" name="close" finished-at="2021-12-19T21:52:27 GMT" duration-ms="3233" status="PASS">
          <reporter-output>
          </reporter-output>
        </test-method> <!-- close -->
      </class> <!-- FrameWork_TestCase.Test_EVOCOUKDonation_PageObject -->
    </test> <!-- Default test -->
  </suite> <!-- Default suite -->
</testng-results>
